[debug] [2024-06-20T19:00:20.839Z] ----------------------------------------------------------------------
[debug] [2024-06-20T19:00:20.843Z] Command:       /nix/store/2hxfkbdbwh2s7rc20khzq8sjnywq0xs8-nodejs-18.19.1/bin/node /nix/store/9cksgsmi7xwqm3js1z92zhib6rnrjdcg-firebase-tools-13.9.0/lib/node_modules/firebase-tools/lib/bin/firebase.js login --no-localhost
[debug] [2024-06-20T19:00:20.844Z] CLI Version:   13.9.0
[debug] [2024-06-20T19:00:20.844Z] Platform:      linux
[debug] [2024-06-20T19:00:20.844Z] Node Version:  v18.19.1
[debug] [2024-06-20T19:00:20.845Z] Time:          Thu Jun 20 2024 19:00:20 GMT+0000 (Coordinated Universal Time)
[debug] [2024-06-20T19:00:20.846Z] ----------------------------------------------------------------------
[debug] 
[debug] [2024-06-20T19:00:20.852Z] >>> [apiv2][query] GET https://firebase-public.firebaseio.com/cli.json [none]
[info] i  Firebase optionally collects CLI and Emulator Suite usage and error reporting information to help improve our products. Data is collected in accordance with Google's privacy policy (https://policies.google.com/privacy) and is not used to identify you.
 
[debug] [2024-06-20T19:00:21.182Z] <<< [apiv2][status] GET https://firebase-public.firebaseio.com/cli.json 200
[debug] [2024-06-20T19:00:21.184Z] <<< [apiv2][body] GET https://firebase-public.firebaseio.com/cli.json {"cloudBuildErrorAfter":1594252800000,"cloudBuildWarnAfter":1590019200000,"defaultNode10After":1594252800000,"minVersion":"3.0.5","node8DeploysDisabledAfter":1613390400000,"node8RuntimeDisabledAfter":1615809600000,"node8WarnAfter":1600128000000}
[info] i  To change your data collection preference at any time, run `firebase logout` and log in again. 
[debug] [2024-06-20T19:00:28.983Z] >>> [apiv2][query] POST https://auth.firebase.tools/attest [none]
[debug] [2024-06-20T19:00:28.983Z] >>> [apiv2][body] POST https://auth.firebase.tools/attest {"session_id":"c8da4536-1e2c-4bed-98a3-6d8264b2002a"}
[debug] [2024-06-20T19:00:29.384Z] <<< [apiv2][status] POST https://auth.firebase.tools/attest 200
[debug] [2024-06-20T19:00:29.384Z] <<< [apiv2][body] POST https://auth.firebase.tools/attest {"token":"9fDlwmrxZDv91lDKuiwkhWKWJ2LFVb3SKhA7HACYACk"}
[info] 
[info] To sign in to the Firebase CLI:
[info] 
[info] 1. Take note of your session ID:
[info] 
[info]    C8DA4
[info] 
[info] 2. Visit the URL below on any device and follow the instructions to get your code:
[info] 
[info]    https://auth.firebase.tools/login?code_challenge=m7NNK70WLoUzf13B6e48oquRtrpIwMFtlMej8LZe58g&session=c8da4536-1e2c-4bed-98a3-6d8264b2002a&attest=9fDlwmrxZDv91lDKuiwkhWKWJ2LFVb3SKhA7HACYACk
[info] 
[info] 3. Paste or enter the authorization code below once you have it:
[info] 
